[debug] [2020-07-20T12:01:09.077Z] ----------------------------------------------------------------------
[debug] [2020-07-20T12:01:09.079Z] Command:       /Users/mcmilton/.nvm/versions/node/v12.14.1/bin/node /Users/mcmilton/.nvm/versions/node/v12.14.1/bin/firebase deploy
[debug] [2020-07-20T12:01:09.079Z] CLI Version:   8.4.2
[debug] [2020-07-20T12:01:09.079Z] Platform:      darwin
[debug] [2020-07-20T12:01:09.079Z] Node Version:  v12.14.1
[debug] [2020-07-20T12:01:09.080Z] Time:          Mon Jul 20 2020 14:01:09 GMT+0200 (GMT+02:00)
[debug] [2020-07-20T12:01:09.080Z] ----------------------------------------------------------------------
[debug] [2020-07-20T12:01:09.081Z] 
[debug] [2020-07-20T12:01:09.088Z] > command requires scopes: ["email","openid","https://www.googleapis.com/auth/cloudplatformprojects.readonly","https://www.googleapis.com/auth/firebase","https://www.googleapis.com/auth/cloud-platform"]
[debug] [2020-07-20T12:01:09.089Z] > authorizing via signed-in user
[debug] [2020-07-20T12:01:09.089Z] [iam] checking project menu-7ce40 for permissions ["firebase.projects.get","firebasehosting.sites.update"]
[debug] [2020-07-20T12:01:09.092Z] >>> HTTP REQUEST POST https://cloudresourcemanager.googleapis.com/v1/projects/menu-7ce40:testIamPermissions  
 {"permissions":["firebase.projects.get","firebasehosting.sites.update"]}
[debug] [2020-07-20T12:01:10.088Z] <<< HTTP RESPONSE 200 {"content-type":"application/json; charset=UTF-8","vary":"X-Origin, Referer, Origin,Accept-Encoding","date":"Mon, 20 Jul 2020 12:01:09 GMT","server":"ESF","cache-control":"private","x-xss-protection":"0","x-frame-options":"SAMEORIGIN","x-content-type-options":"nosniff","server-timing":"gfet4t7; dur=796","alt-svc":"h3-29=\":443\"; ma=2592000,h3-27=\":443\"; ma=2592000,h3-25=\":443\"; ma=2592000,h3-T050=\":443\"; ma=2592000,h3-Q050=\":443\"; ma=2592000,h3-Q046=\":443\"; ma=2592000,h3-Q043=\":443\"; ma=2592000,quic=\":443\"; ma=2592000; v=\"46,43\"","accept-ranges":"none","transfer-encoding":"chunked"}
[debug] [2020-07-20T12:01:10.089Z] [iam] error while checking permissions, command may fail: FirebaseError: Authorization failed. This account is missing the following required permissions on project menu-7ce40:

  firebase.projects.get
  firebasehosting.sites.update
[debug] [2020-07-20T12:01:10.090Z] >>> HTTP REQUEST GET https://firebase.googleapis.com/v1beta1/projects/menu-7ce40  
 
[debug] [2020-07-20T12:01:10.492Z] <<< HTTP RESPONSE 403 {"vary":"X-Origin, Referer, Origin,Accept-Encoding","content-type":"application/json; charset=UTF-8","date":"Mon, 20 Jul 2020 12:01:10 GMT","server":"ESF","cache-control":"private","x-xss-protection":"0","x-frame-options":"SAMEORIGIN","x-content-type-options":"nosniff","alt-svc":"h3-29=\":443\"; ma=2592000,h3-27=\":443\"; ma=2592000,h3-25=\":443\"; ma=2592000,h3-T050=\":443\"; ma=2592000,h3-Q050=\":443\"; ma=2592000,h3-Q046=\":443\"; ma=2592000,h3-Q043=\":443\"; ma=2592000,quic=\":443\"; ma=2592000; v=\"46,43\"","accept-ranges":"none","transfer-encoding":"chunked"}
[debug] [2020-07-20T12:01:10.492Z] <<< HTTP RESPONSE BODY {"error":{"code":403,"message":"The caller does not have permission","status":"PERMISSION_DENIED"}}
[debug] [2020-07-20T12:01:10.494Z] HTTP Error: 403, The caller does not have permission
[debug] [2020-07-20T12:01:10.495Z] FirebaseError: HTTP Error: 403, The caller does not have permission
    at module.exports (/Users/mcmilton/.nvm/versions/node/v12.14.1/lib/node_modules/firebase-tools/lib/responseToError.js:38:12)
    at Request._callback (/Users/mcmilton/.nvm/versions/node/v12.14.1/lib/node_modules/firebase-tools/lib/api.js:41:35)
    at Request.self.callback (/Users/mcmilton/.nvm/versions/node/v12.14.1/lib/node_modules/firebase-tools/node_modules/request/request.js:185:22)
    at Request.emit (events.js:223:5)
    at Request.EventEmitter.emit (domain.js:475:20)
    at Request.<anonymous> (/Users/mcmilton/.nvm/versions/node/v12.14.1/lib/node_modules/firebase-tools/node_modules/request/request.js:1154:10)
    at Request.emit (events.js:223:5)
    at Request.EventEmitter.emit (domain.js:475:20)
    at IncomingMessage.<anonymous> (/Users/mcmilton/.nvm/versions/node/v12.14.1/lib/node_modules/firebase-tools/node_modules/request/request.js:1076:12)
    at Object.onceWrapper (events.js:312:28)
    at IncomingMessage.emit (events.js:228:7)
    at IncomingMessage.EventEmitter.emit (domain.js:475:20)
    at endReadableNT (_stream_readable.js:1185:12)
    at processTicksAndRejections (internal/process/task_queues.js:81:21)
[error] 
[error] Error: Failed to get Firebase project menu-7ce40. Please make sure the project exists and your account has permission to access it.
